11:29:20.415 [main] INFO  HolofyAPIs.AppLogin - The response details is : "Invalid password"
11:29:21.035 [main] INFO  HolofyAPIs.AppLogin - The response details is : "Phone number doesn't exist"
11:29:21.721 [main] INFO  HolofyAPIs.AppLogin - The response details is : "Invalid password"
11:29:22.328 [main] INFO  HolofyAPIs.AppLogin - The response details is : "Internal Error"
15:12:12.858 [main] INFO  HolofyAPIs.AppLogin - The response details is : "Successfully logged in"
15:12:13.463 [main] INFO  HolofyAPIs.AppLogin - The response details is : "Phone number doesn't exist"
15:12:14.135 [main] INFO  HolofyAPIs.AppLogin - The response details is : "Invalid password"
15:12:14.717 [main] INFO  HolofyAPIs.AppLogin - The response details is : "Internal Error"
15:12:15.860 [main] INFO  HolofyAPIs.ForgotPasswordWithNumber - The response details is : "Please check your message."
15:12:16.435 [main] INFO  HolofyAPIs.ForgotPasswordWithNumber - The response details is : "Please enter registered phone number."
15:12:17.041 [main] INFO  HolofyAPIs.ForgotPasswordWithNumber - The response details is : "Please send proper data."
15:12:17.626 [main] INFO  HolofyAPIs.ForgotPasswordWithNumber - The response details is : "Please enter registered phone number."
15:12:18.227 [main] INFO  HolofyAPIs.ForgotpasswordWithEmail - The response details is : "Please check your mail account."
15:12:18.828 [main] INFO  HolofyAPIs.ForgotpasswordWithEmail - The response details is : "Please enter registered Email id."
15:12:19.402 [main] INFO  HolofyAPIs.ForgotpasswordWithEmail - The response details is : "Please send proper data."
15:12:19.999 [main] INFO  HolofyAPIs.ForgotpasswordWithEmail - The response details is : "Please enter registered Email id."
15:12:21.751 [main] INFO  HolofyAPIs.GetSpaceList - Spacetype 1 id is : 5c9d0538c4a9a46122bdf0c2
15:12:23.890 [main] INFO  HolofyAPIs.CreateSpace - The response details is : Space template added successfully
15:12:23.891 [main] INFO  HolofyAPIs.CreateSpace - 5d89e4ffe1d83f2340f9dce7
15:12:24.505 [main] INFO  HolofyAPIs.ReuseableMethod - The response details is : Space Successfully deleted
15:12:24.505 [main] INFO  HolofyAPIs.ReuseableMethod - Space removed successfully with the space card id : 5d89e4ffe1d83f2340f9dce7
15:12:26.500 [main] INFO  HolofyAPIs.CreateSpace - The response details is : Space template added successfully
15:12:26.500 [main] INFO  HolofyAPIs.CreateSpace - 5d89e5028eac59233bac3604
15:12:27.141 [main] INFO  HolofyAPIs.ReuseableMethod - The response details is : Space Successfully deleted
15:12:27.141 [main] INFO  HolofyAPIs.ReuseableMethod - Space removed successfully with the space card id : 5d89e5028eac59233bac3604
15:12:29.107 [main] INFO  HolofyAPIs.ReuseableMethod - The response details is : Space template added successfully
15:12:29.107 [main] INFO  HolofyAPIs.ReuseableMethod - Newly Created SpaceCard id is 5d89e504e1d83f2340f9dcfc
15:12:29.107 [main] INFO  HolofyAPIs.ReuseableMethod - A new Space has been created successfully
15:12:30.041 [main] INFO  HolofyAPIs.EditCreatedSpace - The response details is : space template updated successfully
15:12:30.042 [main] INFO  HolofyAPIs.EditCreatedSpace - Space edited successfully with the space card id : 5d89e504e1d83f2340f9dcfc
15:12:30.639 [main] INFO  HolofyAPIs.ReuseableMethod - The response details is : Space Successfully deleted
15:12:30.639 [main] INFO  HolofyAPIs.ReuseableMethod - Space removed successfully with the space card id : 5d89e504e1d83f2340f9dcfc
15:12:32.553 [main] INFO  HolofyAPIs.getProductList - The List of the product are available within the index 1 : {"_id":"5ca79ad9ebf64276238d6aab","title":"Washing Machine","description":"Refresh your clothes on the go","product":"5ca796f79caca1761e03b600","image":"spaces/image-a6faada9d606fe6617570ce05763fcd99b8067e3.png","background_color":"#000000","overlay_color":"rgba(0,0,0,0.25)","title_color":"#ffffff","subtitle_color":"#ffffff","CatTitle":"Appliances","CatId":"5c936d6db737dd5507abc910","__v":0,"position":0,"modifiedAt":"2019-04-05T18:13:45.357Z","createdAt":"2019-04-05T18:13:45.357Z","isDeleted":"no","isActive":"yes","isPublished":true,"userproducttemplate":[],"skills":[{"skill":"5bf518e8d130bb8b73ada06c","skill_type":"video","_id":"5ca79ad9ebf64276238d6aac","modifiedAt":null,"createdAt":null,"stepComponent":{"tabs":[]},"paymentComponent":{"skillDescription":[]},"mapComponent":{"mapStyle":"dark","zoomLevel":"15","skillDescription":[]},"videoComponent":[{"videoTitle":"Instructions Example","videoUrl":"assets/video/space_1554488005849_6561_wm-short.mp4","imgUrl":"assets/video/images/V4FSP1554488007018.png","_id":"5ca79ad9ebf64276238d6aad","isEditable":false,"videoControls":false,"sound":false,"autoPlay":false,"loopVideo":false,"colorOverlay":{"color":"rgba(255,0,0,0)","isEditable":false},"videoSize":{"width":200,"height":100}}],"skillDetails":{"productComponent":{"addressColor":"#ffffff","titleColor":"#ffffff","descColor":"#ffffff","guiColor":"#ffffff","overlayColor":"rgba(255,255,255,0.25)","isEditable":true},"mapTabComponent":{"addressColor":"#ffffff","titleColor":"#ffffff","descColor":"#ffffff","guiColor":"#ffffff","overlayColor":"rgba(255,255,255,0.25)","isEditable":true},"tabComponent":{"activeColor":"#0038FF","activeText":"#ffffff","inactiveColor":"#8F8F8F","inactiveText":"#ffffff","xPosition":"","isEditable":true},"layout":{"backgroundColor":"#000000","guiColor":"rgba(0,0,0,0.28)","textColor":"#ffffff","skillTitle":"","description":"","headerLogo":"","idHeaderLogoEditable":true,"isDescriptionEditable":true,"isSkillTitleEditable":true,"backgroundImage":{"imageUrl":"","imageSize":{"width":null,"height":null},"isEditable":true},"colorOverlay":{"color":"rgba(0,0,0,0)","isEditable":true}}},"paymentCta":{"title":"Video Skill","description":"Description goes here","overlayColor":"rgba(255,255,255,0.25)","textColor":"#ffffff","subtitleColor":"#ffffff","backgroundColor":"#ab9c9c","image":"http://18.130.209.176:3000/images/bg-pattern-2.png","isEditable":true},"mapCta":{"address":"1 Fleming Way, London SE28 8NR, UK","title":"Video Skill","description":"Description goes here","overlayColor":"rgba(255,255,255,0.25)","textColor":"#ffffff","mapCtaLocation":{"type":"Point","coordinates":[0.1278,51.5074]},"isEditable":true},"layoutFundamentals":{"type":"","titleColor":"#ffffff","subtitleColor":"#ffffff","backgroundColor":"#000000","overlayColor":"rgba(0,0,0,0.25)","backgroundImage":"","logo":"","backgroundVideo":"http://18.130.209.176:3000/assets/video/space_1554487932363_8211_wm-short.mp4","backgroundVideoMob":"assets/video/space_1554487932363_8211_wm-short.mp4","title":"How to use it","description":"Do the laundry on my washing machine","isEditable":true,"country":[]}},{"_id":"5cd4331ae119f26c39a55e58","skill_type":"map","skill":"5bd2e57cebb3551045f7fad0","modifiedAt":null,"createdAt":null,"stepComponent":{"tabs":[]},"paymentComponent":{"skillDescription":[]},"mapComponent":{"zoomLevel":"15","mapStyle":"streets","skillDescription":[{"_id":"5cd4331ae119f26c39a55e59","tabTitle":"👔👗","addresses":[{"title":"Dry Cleaners","description":"This is only an example. Feel free to add your own recommendations.","image":"spaces/image-4f73a379e7c31f773d961d7884176742cc7d5c89.png","address":"Dry Cleaners, 223 Nether Street, London, England N3 1NT, United Kingdom","location":{"type":"Point","coordinates":[-0.189031,51.609451]},"_id":"5cd43a8be119f26c39a55e8e"},{"_id":"5cd4331ae119f26c39a55e5a","location":{"coordinates":[-0.125617,51.525839],"type":"Point"},"address":"Laundrette, 79 Marchmont St., London, England WC1N 1AL, United Kingdom","image":"spaces/image-a81c44da4e6d6c733cbcb44b65e785d6b42a3a28.png","description":"This is only an example. Feel free to add your own recommendations.","title":"Suit Cleaners"}]}]},"videoComponent":[],"skillDetails":{"productComponent":{"overlayColor":"rgba(255,255,255,0.25)","guiColor":"#ffffff","descColor":"#ffffff","titleColor":"#ffffff","addressColor":"#ffffff","isEditable":true},"mapTabComponent":{"overlayColor":"rgba(0,0,0,0.34)","guiColor":"#ffffff","descColor":"#ffffff","titleColor":"#ffffff","addressColor":"#ffffff","isEditable":true},"tabComponent":{"xPosition":"","inactiveText":"#ffffff","inactiveColor":"#8F8F8F","activeText":"#ffffff","activeColor":"#0038FF","isEditable":true},"layout":{"headerLogo":"","description":"","skillTitle":"","textColor":"#000000","guiColor":"rgba(0,0,0,0.28)","backgroundColor":"#d6c9c2","idHeaderLogoEditable":true,"isDescriptionEditable":true,"isSkillTitleEditable":true,"backgroundImage":{"imageUrl":"","imageSize":{"height":null,"width":null},"isEditable":true},"colorOverlay":{"color":"rgba(0,0,0,0.2)","isEditable":true}}},"paymentCta":{"image":"","backgroundColor":"#ab9c9c","subtitleColor":"#ffffff","textColor":"#ffffff","overlayColor":"rgba(255,255,255,0.25)","description":"The nitty gritty map recommendations","title":"Maps Skill","isEditable":true},"mapCta":{"mapCtaLocation":{"coordinates":[0.1278,51.5074],"type":"Point"},"textColor":"#ffffff","overlayColor":"rgba(27,141,243,0.25)","description":"For the hard stains and the delicate wear","title":"Dry Cleaners","address":"1 Fleming Way, London SE28 8NR, UK","isEditable":true},"layoutFundamentals":{"description":"The nitty gritty map recommendations","title":"Maps Skill","backgroundVideoMob":"","backgroundVideo":"","logo":"","backgroundImage":"","overlayColor":"rgba(255,255,255,0.25)","backgroundColor":"#ffffff","subtitleColor":"#ffffff","titleColor":"#ffffff","type":"","isEditable":true,"country":[]}},{"_id":"5cd4331ae119f26c39a55e57","skill_type":"payment","skill":"5c46a9feaced2b01462dc6c2","modifiedAt":null,"createdAt":null,"stepComponent":{"tabs":[]},"paymentComponent":{"skillDescription":[{"tabTitle":"Laundry Service","_id":"5cd43a8be119f26c39a55e8b","products":[{"title":"1 Laundry Cycle","description":"This is only an example. Feel free to add your own recommendations.","image":"spaces/image-0630bf8bec7e57b13864fda0cafcf2d37625f1d3.png","price":"10","quantity":"4","_id":"5cd43a8be119f26c39a55e8d"},{"title":"5 Laundry Cycles","description":"This is only an example. Feel free to add your own recommendations.","image":"spaces/image-97b352fa3192cbab54fe81944a0819fd49c2fcd5.png","price":"35","quantity":"4","_id":"5cd43a8be119f26c39a55e8c"}]}]},"mapComponent":{"zoomLevel":"15","mapStyle":"dark","skillDescription":[]},"videoComponent":[],"skillDetails":{"productComponent":{"overlayColor":"rgba(0,0,0,0.4)","guiColor":"#ffffff","descColor":"#ffffff","titleColor":"#ffffff","addressColor":"#ffffff","isEditable":true},"mapTabComponent":{"overlayColor":"rgba(255,255,255,0.25)","guiColor":"#ffffff","descColor":"#ffffff","titleColor":"#ffffff","addressColor":"#ffffff","isEditable":true},"tabComponent":{"xPosition":"","inactiveText":"#ffffff","inactiveColor":"#8F8F8F","activeText":"#ffffff","activeColor":"#0038FF","isEditable":true},"layout":{"headerLogo":"","description":"","skillTitle":"","textColor":"#ffffff","guiColor":"rgba(255, 255, 255, 0.28)","backgroundColor":"#000000","idHeaderLogoEditable":true,"isDescriptionEditable":true,"isSkillTitleEditable":true,"backgroundImage":{"imageUrl":"","imageSize":{"height":null,"width":null},"isEditable":true},"colorOverlay":{"color":"rgba(255,255,255,0.25)","isEditable":true}}},"paymentCta":{"image":"spaces/image-e1d719477ba9f99511b354b11215ca2ab1493d3e.png","backgroundColor":"#000000","subtitleColor":"#ffffff","textColor":"#ffffff","overlayColor":"rgba(0,146,255,0.38)","description":"Have the laundry done for you","title":"On Demand","isEditable":true},"mapCta":{"mapCtaLocation":{"coordinates":[0.1278,51.5074],"type":"Point"},"textColor":"#ffffff","overlayColor":"rgba(255,255,255,0.25)","description":"Description goes here","title":"Payment Skill","address":"1 Fleming Way, London SE28 8NR, UK","isEditable":true},"layoutFundamentals":{"description":"Description goes here","title":"Payment Skill","backgroundVideoMob":"","backgroundVideo":"","logo":"","backgroundImage":"","overlayColor":"rgba(255,255,255,0.25)","backgroundColor":"#ffffff","subtitleColor":"#ffffff","titleColor":"#ffffff","type":"","isEditable":true,"country":[]}}],"type":"product"}
15:12:34.491 [main] INFO  HolofyAPIs.ReuseableMethod - The response details is : Space template added successfully
15:12:34.491 [main] INFO  HolofyAPIs.ReuseableMethod - Newly Created SpaceCard id is 5d89e50ae1d83f2340f9dd11
15:12:34.491 [main] INFO  HolofyAPIs.ReuseableMethod - A new Space has been created successfully
15:12:35.416 [main] INFO  HolofyAPIs.AddProductToSpace - The response details is : Product template added successfully
15:12:35.416 [main] INFO  HolofyAPIs.AddProductToSpace - Added product id to the space is : 5d89e50b8eac59233bac361f
15:12:36.012 [main] INFO  HolofyAPIs.ReuseableMethod - The response details is : Space Successfully deleted
15:12:36.012 [main] INFO  HolofyAPIs.ReuseableMethod - Space removed successfully with the space card id : 5d89e50ae1d83f2340f9dd11
15:12:37.930 [main] INFO  HolofyAPIs.ReuseableMethod - The response details is : Space template added successfully
15:12:37.930 [main] INFO  HolofyAPIs.ReuseableMethod - Newly Created SpaceCard id is 5d89e50de1d83f2340f9dd26
15:12:37.931 [main] INFO  HolofyAPIs.ReuseableMethod - A new Space has been created successfully
15:12:38.513 [main] INFO  HolofyAPIs.RemoveCreateSpace - The response details is : Space Successfully deleted
15:12:38.513 [main] INFO  HolofyAPIs.RemoveCreateSpace - Space removed successfully with the space card id : 5d89e50de1d83f2340f9dd26
15:12:40.448 [main] INFO  HolofyAPIs.ReuseableMethod - The response details is : Space template added successfully
15:12:40.448 [main] INFO  HolofyAPIs.ReuseableMethod - Newly Created SpaceCard id is 5d89e5108eac59233bac3621
15:12:40.448 [main] INFO  HolofyAPIs.ReuseableMethod - A new Space has been created successfully
15:12:41.445 [main] INFO  HolofyAPIs.ReuseableMethod - The response details is : Product template added successfully
15:12:41.445 [main] INFO  HolofyAPIs.ReuseableMethod - Added product id to the space is : 5d89e511e1d83f2340f9dd3b
15:12:42.115 [main] INFO  HolofyAPIs.EditProduct - The response details is : Product template updated successfully
15:12:42.718 [main] INFO  HolofyAPIs.ReuseableMethod - The response details is : Space Successfully deleted
15:12:42.718 [main] INFO  HolofyAPIs.ReuseableMethod - Space removed successfully with the space card id : 5d89e5108eac59233bac3621
15:12:44.640 [main] INFO  HolofyAPIs.ReuseableMethod - The response details is : Space template added successfully
15:12:44.640 [main] INFO  HolofyAPIs.ReuseableMethod - Newly Created SpaceCard id is 5d89e514e1d83f2340f9dd3d
15:12:44.641 [main] INFO  HolofyAPIs.ReuseableMethod - A new Space has been created successfully
15:12:45.625 [main] INFO  HolofyAPIs.ReuseableMethod - The response details is : Product template added successfully
15:12:45.625 [main] INFO  HolofyAPIs.ReuseableMethod - Added product id to the space is : 5d89e5158eac59233bac3639
15:12:46.367 [main] INFO  HolofyAPIs.RemoveProductFromSpace - The response details is : product template deleted successfully
15:12:46.981 [main] INFO  HolofyAPIs.ReuseableMethod - The response details is : Space Successfully deleted
15:12:46.982 [main] INFO  HolofyAPIs.ReuseableMethod - Space removed successfully with the space card id : 5d89e514e1d83f2340f9dd3d
18:00:52.436 [main] INFO  HolofyAPIs.AppLogin - The response details is : "Invalid password"
18:00:53.055 [main] INFO  HolofyAPIs.AppLogin - The response details is : "Phone number doesn't exist"
18:00:53.727 [main] INFO  HolofyAPIs.AppLogin - The response details is : "Invalid password"
18:00:54.309 [main] INFO  HolofyAPIs.AppLogin - The response details is : "Internal Error"
18:00:55.408 [main] INFO  HolofyAPIs.ForgotPasswordWithNumber - The response details is : "Please check your message."
18:00:55.990 [main] INFO  HolofyAPIs.ForgotPasswordWithNumber - The response details is : "Please enter registered phone number."
18:00:56.583 [main] INFO  HolofyAPIs.ForgotPasswordWithNumber - The response details is : "Please send proper data."
18:00:57.178 [main] INFO  HolofyAPIs.ForgotPasswordWithNumber - The response details is : "Please enter registered phone number."
18:00:57.765 [main] INFO  HolofyAPIs.ForgotpasswordWithEmail - The response details is : "Please check your mail account."
18:00:58.353 [main] INFO  HolofyAPIs.ForgotpasswordWithEmail - The response details is : "Please enter registered Email id."
18:00:58.937 [main] INFO  HolofyAPIs.ForgotpasswordWithEmail - The response details is : "Please send proper data."
18:00:59.516 [main] INFO  HolofyAPIs.ForgotpasswordWithEmail - The response details is : "Please enter registered Email id."
18:01:01.309 [main] INFO  HolofyAPIs.GetSpaceList - Spacetype 1 id is : 5c9d0538c4a9a46122bdf0c2
18:01:03.290 [main] INFO  HolofyAPIs.CreateSpace - The response details is : Space template added successfully
18:01:03.290 [main] INFO  HolofyAPIs.CreateSpace - 5d8a0c878eac59233bac36a9
18:01:03.894 [main] INFO  HolofyAPIs.ReuseableMethod - The response details is : Space Successfully deleted
18:01:03.894 [main] INFO  HolofyAPIs.ReuseableMethod - Space removed successfully with the space card id : 5d8a0c878eac59233bac36a9
18:01:05.910 [main] INFO  HolofyAPIs.CreateSpace - The response details is : Space template added successfully
18:01:05.910 [main] INFO  HolofyAPIs.CreateSpace - 5d8a0c89e1d83f2340f9dd91
18:01:06.497 [main] INFO  HolofyAPIs.ReuseableMethod - The response details is : Space Successfully deleted
18:01:06.497 [main] INFO  HolofyAPIs.ReuseableMethod - Space removed successfully with the space card id : 5d8a0c89e1d83f2340f9dd91
18:01:08.373 [main] INFO  HolofyAPIs.ReuseableMethod - The response details is : Space template added successfully
18:01:08.373 [main] INFO  HolofyAPIs.ReuseableMethod - Newly Created SpaceCard id is 5d8a0c8c8eac59233bac36be
18:01:08.373 [main] INFO  HolofyAPIs.ReuseableMethod - A new Space has been created successfully
18:01:09.267 [main] INFO  HolofyAPIs.EditCreatedSpace - The response details is : space template updated successfully
18:01:09.267 [main] INFO  HolofyAPIs.EditCreatedSpace - Space edited successfully with the space card id : 5d8a0c8c8eac59233bac36be
18:01:09.861 [main] INFO  HolofyAPIs.ReuseableMethod - The response details is : Space Successfully deleted
18:01:09.861 [main] INFO  HolofyAPIs.ReuseableMethod - Space removed successfully with the space card id : 5d8a0c8c8eac59233bac36be
18:01:11.771 [main] INFO  HolofyAPIs.getProductList - The List of the product are available within the index 1 : {"_id":"5ca79ad9ebf64276238d6aab","title":"Washing Machine","description":"Refresh your clothes on the go","product":"5ca796f79caca1761e03b600","image":"spaces/image-a6faada9d606fe6617570ce05763fcd99b8067e3.png","background_color":"#000000","overlay_color":"rgba(0,0,0,0.25)","title_color":"#ffffff","subtitle_color":"#ffffff","CatTitle":"Appliances","CatId":"5c936d6db737dd5507abc910","__v":0,"position":0,"modifiedAt":"2019-04-05T18:13:45.357Z","createdAt":"2019-04-05T18:13:45.357Z","isDeleted":"no","isActive":"yes","isPublished":true,"userproducttemplate":[],"skills":[{"skill":"5bf518e8d130bb8b73ada06c","skill_type":"video","_id":"5ca79ad9ebf64276238d6aac","modifiedAt":null,"createdAt":null,"stepComponent":{"tabs":[]},"paymentComponent":{"skillDescription":[]},"mapComponent":{"mapStyle":"dark","zoomLevel":"15","skillDescription":[]},"videoComponent":[{"videoTitle":"Instructions Example","videoUrl":"assets/video/space_1554488005849_6561_wm-short.mp4","imgUrl":"assets/video/images/V4FSP1554488007018.png","_id":"5ca79ad9ebf64276238d6aad","isEditable":false,"videoControls":false,"sound":false,"autoPlay":false,"loopVideo":false,"colorOverlay":{"color":"rgba(255,0,0,0)","isEditable":false},"videoSize":{"width":200,"height":100}}],"skillDetails":{"productComponent":{"addressColor":"#ffffff","titleColor":"#ffffff","descColor":"#ffffff","guiColor":"#ffffff","overlayColor":"rgba(255,255,255,0.25)","isEditable":true},"mapTabComponent":{"addressColor":"#ffffff","titleColor":"#ffffff","descColor":"#ffffff","guiColor":"#ffffff","overlayColor":"rgba(255,255,255,0.25)","isEditable":true},"tabComponent":{"activeColor":"#0038FF","activeText":"#ffffff","inactiveColor":"#8F8F8F","inactiveText":"#ffffff","xPosition":"","isEditable":true},"layout":{"backgroundColor":"#000000","guiColor":"rgba(0,0,0,0.28)","textColor":"#ffffff","skillTitle":"","description":"","headerLogo":"","idHeaderLogoEditable":true,"isDescriptionEditable":true,"isSkillTitleEditable":true,"backgroundImage":{"imageUrl":"","imageSize":{"width":null,"height":null},"isEditable":true},"colorOverlay":{"color":"rgba(0,0,0,0)","isEditable":true}}},"paymentCta":{"title":"Video Skill","description":"Description goes here","overlayColor":"rgba(255,255,255,0.25)","textColor":"#ffffff","subtitleColor":"#ffffff","backgroundColor":"#ab9c9c","image":"http://18.130.209.176:3000/images/bg-pattern-2.png","isEditable":true},"mapCta":{"address":"1 Fleming Way, London SE28 8NR, UK","title":"Video Skill","description":"Description goes here","overlayColor":"rgba(255,255,255,0.25)","textColor":"#ffffff","mapCtaLocation":{"type":"Point","coordinates":[0.1278,51.5074]},"isEditable":true},"layoutFundamentals":{"type":"","titleColor":"#ffffff","subtitleColor":"#ffffff","backgroundColor":"#000000","overlayColor":"rgba(0,0,0,0.25)","backgroundImage":"","logo":"","backgroundVideo":"http://18.130.209.176:3000/assets/video/space_1554487932363_8211_wm-short.mp4","backgroundVideoMob":"assets/video/space_1554487932363_8211_wm-short.mp4","title":"How to use it","description":"Do the laundry on my washing machine","isEditable":true,"country":[]}},{"_id":"5cd4331ae119f26c39a55e58","skill_type":"map","skill":"5bd2e57cebb3551045f7fad0","modifiedAt":null,"createdAt":null,"stepComponent":{"tabs":[]},"paymentComponent":{"skillDescription":[]},"mapComponent":{"zoomLevel":"15","mapStyle":"streets","skillDescription":[{"_id":"5cd4331ae119f26c39a55e59","tabTitle":"👔👗","addresses":[{"title":"Dry Cleaners","description":"This is only an example. Feel free to add your own recommendations.","image":"spaces/image-4f73a379e7c31f773d961d7884176742cc7d5c89.png","address":"Dry Cleaners, 223 Nether Street, London, England N3 1NT, United Kingdom","location":{"type":"Point","coordinates":[-0.189031,51.609451]},"_id":"5cd43a8be119f26c39a55e8e"},{"_id":"5cd4331ae119f26c39a55e5a","location":{"coordinates":[-0.125617,51.525839],"type":"Point"},"address":"Laundrette, 79 Marchmont St., London, England WC1N 1AL, United Kingdom","image":"spaces/image-a81c44da4e6d6c733cbcb44b65e785d6b42a3a28.png","description":"This is only an example. Feel free to add your own recommendations.","title":"Suit Cleaners"}]}]},"videoComponent":[],"skillDetails":{"productComponent":{"overlayColor":"rgba(255,255,255,0.25)","guiColor":"#ffffff","descColor":"#ffffff","titleColor":"#ffffff","addressColor":"#ffffff","isEditable":true},"mapTabComponent":{"overlayColor":"rgba(0,0,0,0.34)","guiColor":"#ffffff","descColor":"#ffffff","titleColor":"#ffffff","addressColor":"#ffffff","isEditable":true},"tabComponent":{"xPosition":"","inactiveText":"#ffffff","inactiveColor":"#8F8F8F","activeText":"#ffffff","activeColor":"#0038FF","isEditable":true},"layout":{"headerLogo":"","description":"","skillTitle":"","textColor":"#000000","guiColor":"rgba(0,0,0,0.28)","backgroundColor":"#d6c9c2","idHeaderLogoEditable":true,"isDescriptionEditable":true,"isSkillTitleEditable":true,"backgroundImage":{"imageUrl":"","imageSize":{"height":null,"width":null},"isEditable":true},"colorOverlay":{"color":"rgba(0,0,0,0.2)","isEditable":true}}},"paymentCta":{"image":"","backgroundColor":"#ab9c9c","subtitleColor":"#ffffff","textColor":"#ffffff","overlayColor":"rgba(255,255,255,0.25)","description":"The nitty gritty map recommendations","title":"Maps Skill","isEditable":true},"mapCta":{"mapCtaLocation":{"coordinates":[0.1278,51.5074],"type":"Point"},"textColor":"#ffffff","overlayColor":"rgba(27,141,243,0.25)","description":"For the hard stains and the delicate wear","title":"Dry Cleaners","address":"1 Fleming Way, London SE28 8NR, UK","isEditable":true},"layoutFundamentals":{"description":"The nitty gritty map recommendations","title":"Maps Skill","backgroundVideoMob":"","backgroundVideo":"","logo":"","backgroundImage":"","overlayColor":"rgba(255,255,255,0.25)","backgroundColor":"#ffffff","subtitleColor":"#ffffff","titleColor":"#ffffff","type":"","isEditable":true,"country":[]}},{"_id":"5cd4331ae119f26c39a55e57","skill_type":"payment","skill":"5c46a9feaced2b01462dc6c2","modifiedAt":null,"createdAt":null,"stepComponent":{"tabs":[]},"paymentComponent":{"skillDescription":[{"tabTitle":"Laundry Service","_id":"5cd43a8be119f26c39a55e8b","products":[{"title":"1 Laundry Cycle","description":"This is only an example. Feel free to add your own recommendations.","image":"spaces/image-0630bf8bec7e57b13864fda0cafcf2d37625f1d3.png","price":"10","quantity":"4","_id":"5cd43a8be119f26c39a55e8d"},{"title":"5 Laundry Cycles","description":"This is only an example. Feel free to add your own recommendations.","image":"spaces/image-97b352fa3192cbab54fe81944a0819fd49c2fcd5.png","price":"35","quantity":"4","_id":"5cd43a8be119f26c39a55e8c"}]}]},"mapComponent":{"zoomLevel":"15","mapStyle":"dark","skillDescription":[]},"videoComponent":[],"skillDetails":{"productComponent":{"overlayColor":"rgba(0,0,0,0.4)","guiColor":"#ffffff","descColor":"#ffffff","titleColor":"#ffffff","addressColor":"#ffffff","isEditable":true},"mapTabComponent":{"overlayColor":"rgba(255,255,255,0.25)","guiColor":"#ffffff","descColor":"#ffffff","titleColor":"#ffffff","addressColor":"#ffffff","isEditable":true},"tabComponent":{"xPosition":"","inactiveText":"#ffffff","inactiveColor":"#8F8F8F","activeText":"#ffffff","activeColor":"#0038FF","isEditable":true},"layout":{"headerLogo":"","description":"","skillTitle":"","textColor":"#ffffff","guiColor":"rgba(255, 255, 255, 0.28)","backgroundColor":"#000000","idHeaderLogoEditable":true,"isDescriptionEditable":true,"isSkillTitleEditable":true,"backgroundImage":{"imageUrl":"","imageSize":{"height":null,"width":null},"isEditable":true},"colorOverlay":{"color":"rgba(255,255,255,0.25)","isEditable":true}}},"paymentCta":{"image":"spaces/image-e1d719477ba9f99511b354b11215ca2ab1493d3e.png","backgroundColor":"#000000","subtitleColor":"#ffffff","textColor":"#ffffff","overlayColor":"rgba(0,146,255,0.38)","description":"Have the laundry done for you","title":"On Demand","isEditable":true},"mapCta":{"mapCtaLocation":{"coordinates":[0.1278,51.5074],"type":"Point"},"textColor":"#ffffff","overlayColor":"rgba(255,255,255,0.25)","description":"Description goes here","title":"Payment Skill","address":"1 Fleming Way, London SE28 8NR, UK","isEditable":true},"layoutFundamentals":{"description":"Description goes here","title":"Payment Skill","backgroundVideoMob":"","backgroundVideo":"","logo":"","backgroundImage":"","overlayColor":"rgba(255,255,255,0.25)","backgroundColor":"#ffffff","subtitleColor":"#ffffff","titleColor":"#ffffff","type":"","isEditable":true,"country":[]}}],"type":"product"}
18:01:13.646 [main] INFO  HolofyAPIs.ReuseableMethod - The response details is : Space template added successfully
18:01:13.676 [main] INFO  HolofyAPIs.ReuseableMethod - Newly Created SpaceCard id is 5d8a0c918eac59233bac36d3
18:01:13.676 [main] INFO  HolofyAPIs.ReuseableMethod - A new Space has been created successfully
18:01:14.667 [main] INFO  HolofyAPIs.AddProductToSpace - The response details is : Product template added successfully
18:01:14.668 [main] INFO  HolofyAPIs.AddProductToSpace - Added product id to the space is : 5d8a0c92e1d83f2340f9ddac
18:01:15.284 [main] INFO  HolofyAPIs.ReuseableMethod - The response details is : Space Successfully deleted
18:01:15.284 [main] INFO  HolofyAPIs.ReuseableMethod - Space removed successfully with the space card id : 5d8a0c918eac59233bac36d3
18:01:17.181 [main] INFO  HolofyAPIs.ReuseableMethod - The response details is : Space template added successfully
18:01:17.181 [main] INFO  HolofyAPIs.ReuseableMethod - Newly Created SpaceCard id is 5d8a0c948eac59233bac36e8
18:01:17.181 [main] INFO  HolofyAPIs.ReuseableMethod - A new Space has been created successfully
18:01:17.779 [main] INFO  HolofyAPIs.RemoveCreateSpace - The response details is : Space Successfully deleted
18:01:17.779 [main] INFO  HolofyAPIs.RemoveCreateSpace - Space removed successfully with the space card id : 5d8a0c948eac59233bac36e8
18:01:19.753 [main] INFO  HolofyAPIs.ReuseableMethod - The response details is : Space template added successfully
18:01:19.753 [main] INFO  HolofyAPIs.ReuseableMethod - Newly Created SpaceCard id is 5d8a0c97e1d83f2340f9ddae
18:01:19.753 [main] INFO  HolofyAPIs.ReuseableMethod - A new Space has been created successfully
18:01:20.664 [main] INFO  HolofyAPIs.ReuseableMethod - The response details is : Product template added successfully
18:01:20.664 [main] INFO  HolofyAPIs.ReuseableMethod - Added product id to the space is : 5d8a0c988eac59233bac36fd
18:01:21.319 [main] INFO  HolofyAPIs.EditProduct - The response details is : Product template updated successfully
18:01:21.902 [main] INFO  HolofyAPIs.ReuseableMethod - The response details is : Space Successfully deleted
18:01:21.902 [main] INFO  HolofyAPIs.ReuseableMethod - Space removed successfully with the space card id : 5d8a0c97e1d83f2340f9ddae
18:01:23.833 [main] INFO  HolofyAPIs.ReuseableMethod - The response details is : Space template added successfully
18:01:23.833 [main] INFO  HolofyAPIs.ReuseableMethod - Newly Created SpaceCard id is 5d8a0c9b8eac59233bac36ff
18:01:23.834 [main] INFO  HolofyAPIs.ReuseableMethod - A new Space has been created successfully
18:01:24.785 [main] INFO  HolofyAPIs.ReuseableMethod - The response details is : Product template added successfully
18:01:24.785 [main] INFO  HolofyAPIs.ReuseableMethod - Added product id to the space is : 5d8a0c9ce1d83f2340f9ddc6
18:01:25.552 [main] INFO  HolofyAPIs.RemoveProductFromSpace - The response details is : product template deleted successfully
18:01:26.141 [main] INFO  HolofyAPIs.ReuseableMethod - The response details is : Space Successfully deleted
18:01:26.141 [main] INFO  HolofyAPIs.ReuseableMethod - Space removed successfully with the space card id : 5d8a0c9b8eac59233bac36ff
18:06:36.241 [main] INFO  HolofyAPIs.AppLogin - The response details is : "Successfully logged in"
18:06:36.873 [main] INFO  HolofyAPIs.AppLogin - The response details is : "Phone number doesn't exist"
18:06:37.583 [main] INFO  HolofyAPIs.AppLogin - The response details is : "Invalid password"
18:06:38.212 [main] INFO  HolofyAPIs.AppLogin - The response details is : "Internal Error"
18:06:39.326 [main] INFO  HolofyAPIs.ForgotPasswordWithNumber - The response details is : "Please check your message."
18:06:39.945 [main] INFO  HolofyAPIs.ForgotPasswordWithNumber - The response details is : "Please enter registered phone number."
18:06:40.553 [main] INFO  HolofyAPIs.ForgotPasswordWithNumber - The response details is : "Please send proper data."
18:06:41.134 [main] INFO  HolofyAPIs.ForgotPasswordWithNumber - The response details is : "Please enter registered phone number."
18:06:41.738 [main] INFO  HolofyAPIs.ForgotpasswordWithEmail - The response details is : "Please check your mail account."
18:06:42.338 [main] INFO  HolofyAPIs.ForgotpasswordWithEmail - The response details is : "Please enter registered Email id."
18:06:42.947 [main] INFO  HolofyAPIs.ForgotpasswordWithEmail - The response details is : "Please send proper data."
18:06:43.573 [main] INFO  HolofyAPIs.ForgotpasswordWithEmail - The response details is : "Please enter registered Email id."
18:06:45.376 [main] INFO  HolofyAPIs.GetSpaceList - Spacetype 1 id is : 5c9d0538c4a9a46122bdf0c2
18:06:47.349 [main] INFO  HolofyAPIs.CreateSpace - The response details is : Space template added successfully
18:06:47.349 [main] INFO  HolofyAPIs.CreateSpace - 5d8a0ddf8eac59233bac3714
18:06:47.968 [main] INFO  HolofyAPIs.ReuseableMethod - The response details is : Space Successfully deleted
18:06:47.968 [main] INFO  HolofyAPIs.ReuseableMethod - Space removed successfully with the space card id : 5d8a0ddf8eac59233bac3714
18:06:50.026 [main] INFO  HolofyAPIs.CreateSpace - The response details is : Space template added successfully
18:06:50.026 [main] INFO  HolofyAPIs.CreateSpace - 5d8a0de1e1d83f2340f9ddc8
18:06:50.648 [main] INFO  HolofyAPIs.ReuseableMethod - The response details is : Space Successfully deleted
18:06:50.648 [main] INFO  HolofyAPIs.ReuseableMethod - Space removed successfully with the space card id : 5d8a0de1e1d83f2340f9ddc8
18:06:52.585 [main] INFO  HolofyAPIs.ReuseableMethod - The response details is : Space template added successfully
18:06:52.586 [main] INFO  HolofyAPIs.ReuseableMethod - Newly Created SpaceCard id is 5d8a0de48eac59233bac3729
18:06:52.586 [main] INFO  HolofyAPIs.ReuseableMethod - A new Space has been created successfully
18:06:53.482 [main] INFO  HolofyAPIs.EditCreatedSpace - The response details is : space template updated successfully
18:06:53.483 [main] INFO  HolofyAPIs.EditCreatedSpace - Space edited successfully with the space card id : 5d8a0de48eac59233bac3729
18:06:54.095 [main] INFO  HolofyAPIs.ReuseableMethod - The response details is : Space Successfully deleted
18:06:54.095 [main] INFO  HolofyAPIs.ReuseableMethod - Space removed successfully with the space card id : 5d8a0de48eac59233bac3729
18:06:56.138 [main] INFO  HolofyAPIs.getProductList - The List of the product are available within the index 1 : {"_id":"5ca79ad9ebf64276238d6aab","title":"Washing Machine","description":"Refresh your clothes on the go","product":"5ca796f79caca1761e03b600","image":"spaces/image-a6faada9d606fe6617570ce05763fcd99b8067e3.png","background_color":"#000000","overlay_color":"rgba(0,0,0,0.25)","title_color":"#ffffff","subtitle_color":"#ffffff","CatTitle":"Appliances","CatId":"5c936d6db737dd5507abc910","__v":0,"position":0,"modifiedAt":"2019-04-05T18:13:45.357Z","createdAt":"2019-04-05T18:13:45.357Z","isDeleted":"no","isActive":"yes","isPublished":true,"userproducttemplate":[],"skills":[{"skill":"5bf518e8d130bb8b73ada06c","skill_type":"video","_id":"5ca79ad9ebf64276238d6aac","modifiedAt":null,"createdAt":null,"stepComponent":{"tabs":[]},"paymentComponent":{"skillDescription":[]},"mapComponent":{"mapStyle":"dark","zoomLevel":"15","skillDescription":[]},"videoComponent":[{"videoTitle":"Instructions Example","videoUrl":"assets/video/space_1554488005849_6561_wm-short.mp4","imgUrl":"assets/video/images/V4FSP1554488007018.png","_id":"5ca79ad9ebf64276238d6aad","isEditable":false,"videoControls":false,"sound":false,"autoPlay":false,"loopVideo":false,"colorOverlay":{"color":"rgba(255,0,0,0)","isEditable":false},"videoSize":{"width":200,"height":100}}],"skillDetails":{"productComponent":{"addressColor":"#ffffff","titleColor":"#ffffff","descColor":"#ffffff","guiColor":"#ffffff","overlayColor":"rgba(255,255,255,0.25)","isEditable":true},"mapTabComponent":{"addressColor":"#ffffff","titleColor":"#ffffff","descColor":"#ffffff","guiColor":"#ffffff","overlayColor":"rgba(255,255,255,0.25)","isEditable":true},"tabComponent":{"activeColor":"#0038FF","activeText":"#ffffff","inactiveColor":"#8F8F8F","inactiveText":"#ffffff","xPosition":"","isEditable":true},"layout":{"backgroundColor":"#000000","guiColor":"rgba(0,0,0,0.28)","textColor":"#ffffff","skillTitle":"","description":"","headerLogo":"","idHeaderLogoEditable":true,"isDescriptionEditable":true,"isSkillTitleEditable":true,"backgroundImage":{"imageUrl":"","imageSize":{"width":null,"height":null},"isEditable":true},"colorOverlay":{"color":"rgba(0,0,0,0)","isEditable":true}}},"paymentCta":{"title":"Video Skill","description":"Description goes here","overlayColor":"rgba(255,255,255,0.25)","textColor":"#ffffff","subtitleColor":"#ffffff","backgroundColor":"#ab9c9c","image":"http://18.130.209.176:3000/images/bg-pattern-2.png","isEditable":true},"mapCta":{"address":"1 Fleming Way, London SE28 8NR, UK","title":"Video Skill","description":"Description goes here","overlayColor":"rgba(255,255,255,0.25)","textColor":"#ffffff","mapCtaLocation":{"type":"Point","coordinates":[0.1278,51.5074]},"isEditable":true},"layoutFundamentals":{"type":"","titleColor":"#ffffff","subtitleColor":"#ffffff","backgroundColor":"#000000","overlayColor":"rgba(0,0,0,0.25)","backgroundImage":"","logo":"","backgroundVideo":"http://18.130.209.176:3000/assets/video/space_1554487932363_8211_wm-short.mp4","backgroundVideoMob":"assets/video/space_1554487932363_8211_wm-short.mp4","title":"How to use it","description":"Do the laundry on my washing machine","isEditable":true,"country":[]}},{"_id":"5cd4331ae119f26c39a55e58","skill_type":"map","skill":"5bd2e57cebb3551045f7fad0","modifiedAt":null,"createdAt":null,"stepComponent":{"tabs":[]},"paymentComponent":{"skillDescription":[]},"mapComponent":{"zoomLevel":"15","mapStyle":"streets","skillDescription":[{"_id":"5cd4331ae119f26c39a55e59","tabTitle":"👔👗","addresses":[{"title":"Dry Cleaners","description":"This is only an example. Feel free to add your own recommendations.","image":"spaces/image-4f73a379e7c31f773d961d7884176742cc7d5c89.png","address":"Dry Cleaners, 223 Nether Street, London, England N3 1NT, United Kingdom","location":{"type":"Point","coordinates":[-0.189031,51.609451]},"_id":"5cd43a8be119f26c39a55e8e"},{"_id":"5cd4331ae119f26c39a55e5a","location":{"coordinates":[-0.125617,51.525839],"type":"Point"},"address":"Laundrette, 79 Marchmont St., London, England WC1N 1AL, United Kingdom","image":"spaces/image-a81c44da4e6d6c733cbcb44b65e785d6b42a3a28.png","description":"This is only an example. Feel free to add your own recommendations.","title":"Suit Cleaners"}]}]},"videoComponent":[],"skillDetails":{"productComponent":{"overlayColor":"rgba(255,255,255,0.25)","guiColor":"#ffffff","descColor":"#ffffff","titleColor":"#ffffff","addressColor":"#ffffff","isEditable":true},"mapTabComponent":{"overlayColor":"rgba(0,0,0,0.34)","guiColor":"#ffffff","descColor":"#ffffff","titleColor":"#ffffff","addressColor":"#ffffff","isEditable":true},"tabComponent":{"xPosition":"","inactiveText":"#ffffff","inactiveColor":"#8F8F8F","activeText":"#ffffff","activeColor":"#0038FF","isEditable":true},"layout":{"headerLogo":"","description":"","skillTitle":"","textColor":"#000000","guiColor":"rgba(0,0,0,0.28)","backgroundColor":"#d6c9c2","idHeaderLogoEditable":true,"isDescriptionEditable":true,"isSkillTitleEditable":true,"backgroundImage":{"imageUrl":"","imageSize":{"height":null,"width":null},"isEditable":true},"colorOverlay":{"color":"rgba(0,0,0,0.2)","isEditable":true}}},"paymentCta":{"image":"","backgroundColor":"#ab9c9c","subtitleColor":"#ffffff","textColor":"#ffffff","overlayColor":"rgba(255,255,255,0.25)","description":"The nitty gritty map recommendations","title":"Maps Skill","isEditable":true},"mapCta":{"mapCtaLocation":{"coordinates":[0.1278,51.5074],"type":"Point"},"textColor":"#ffffff","overlayColor":"rgba(27,141,243,0.25)","description":"For the hard stains and the delicate wear","title":"Dry Cleaners","address":"1 Fleming Way, London SE28 8NR, UK","isEditable":true},"layoutFundamentals":{"description":"The nitty gritty map recommendations","title":"Maps Skill","backgroundVideoMob":"","backgroundVideo":"","logo":"","backgroundImage":"","overlayColor":"rgba(255,255,255,0.25)","backgroundColor":"#ffffff","subtitleColor":"#ffffff","titleColor":"#ffffff","type":"","isEditable":true,"country":[]}},{"_id":"5cd4331ae119f26c39a55e57","skill_type":"payment","skill":"5c46a9feaced2b01462dc6c2","modifiedAt":null,"createdAt":null,"stepComponent":{"tabs":[]},"paymentComponent":{"skillDescription":[{"tabTitle":"Laundry Service","_id":"5cd43a8be119f26c39a55e8b","products":[{"title":"1 Laundry Cycle","description":"This is only an example. Feel free to add your own recommendations.","image":"spaces/image-0630bf8bec7e57b13864fda0cafcf2d37625f1d3.png","price":"10","quantity":"4","_id":"5cd43a8be119f26c39a55e8d"},{"title":"5 Laundry Cycles","description":"This is only an example. Feel free to add your own recommendations.","image":"spaces/image-97b352fa3192cbab54fe81944a0819fd49c2fcd5.png","price":"35","quantity":"4","_id":"5cd43a8be119f26c39a55e8c"}]}]},"mapComponent":{"zoomLevel":"15","mapStyle":"dark","skillDescription":[]},"videoComponent":[],"skillDetails":{"productComponent":{"overlayColor":"rgba(0,0,0,0.4)","guiColor":"#ffffff","descColor":"#ffffff","titleColor":"#ffffff","addressColor":"#ffffff","isEditable":true},"mapTabComponent":{"overlayColor":"rgba(255,255,255,0.25)","guiColor":"#ffffff","descColor":"#ffffff","titleColor":"#ffffff","addressColor":"#ffffff","isEditable":true},"tabComponent":{"xPosition":"","inactiveText":"#ffffff","inactiveColor":"#8F8F8F","activeText":"#ffffff","activeColor":"#0038FF","isEditable":true},"layout":{"headerLogo":"","description":"","skillTitle":"","textColor":"#ffffff","guiColor":"rgba(255, 255, 255, 0.28)","backgroundColor":"#000000","idHeaderLogoEditable":true,"isDescriptionEditable":true,"isSkillTitleEditable":true,"backgroundImage":{"imageUrl":"","imageSize":{"height":null,"width":null},"isEditable":true},"colorOverlay":{"color":"rgba(255,255,255,0.25)","isEditable":true}}},"paymentCta":{"image":"spaces/image-e1d719477ba9f99511b354b11215ca2ab1493d3e.png","backgroundColor":"#000000","subtitleColor":"#ffffff","textColor":"#ffffff","overlayColor":"rgba(0,146,255,0.38)","description":"Have the laundry done for you","title":"On Demand","isEditable":true},"mapCta":{"mapCtaLocation":{"coordinates":[0.1278,51.5074],"type":"Point"},"textColor":"#ffffff","overlayColor":"rgba(255,255,255,0.25)","description":"Description goes here","title":"Payment Skill","address":"1 Fleming Way, London SE28 8NR, UK","isEditable":true},"layoutFundamentals":{"description":"Description goes here","title":"Payment Skill","backgroundVideoMob":"","backgroundVideo":"","logo":"","backgroundImage":"","overlayColor":"rgba(255,255,255,0.25)","backgroundColor":"#ffffff","subtitleColor":"#ffffff","titleColor":"#ffffff","type":"","isEditable":true,"country":[]}}],"type":"product"}
18:06:58.118 [main] INFO  HolofyAPIs.ReuseableMethod - The response details is : Space template added successfully
18:06:58.118 [main] INFO  HolofyAPIs.ReuseableMethod - Newly Created SpaceCard id is 5d8a0de98eac59233bac373e
18:06:58.118 [main] INFO  HolofyAPIs.ReuseableMethod - A new Space has been created successfully
18:06:59.100 [main] INFO  HolofyAPIs.AddProductToSpace - The response details is : Product template added successfully
18:06:59.101 [main] INFO  HolofyAPIs.AddProductToSpace - Added product id to the space is : 5d8a0deae1d83f2340f9dde3
18:06:59.708 [main] INFO  HolofyAPIs.ReuseableMethod - The response details is : Space Successfully deleted
18:06:59.709 [main] INFO  HolofyAPIs.ReuseableMethod - Space removed successfully with the space card id : 5d8a0de98eac59233bac373e
18:07:01.726 [main] INFO  HolofyAPIs.ReuseableMethod - The response details is : Space template added successfully
18:07:01.726 [main] INFO  HolofyAPIs.ReuseableMethod - Newly Created SpaceCard id is 5d8a0ded8eac59233bac3753
18:07:01.726 [main] INFO  HolofyAPIs.ReuseableMethod - A new Space has been created successfully
18:07:02.320 [main] INFO  HolofyAPIs.RemoveCreateSpace - The response details is : Space Successfully deleted
18:07:02.320 [main] INFO  HolofyAPIs.RemoveCreateSpace - Space removed successfully with the space card id : 5d8a0ded8eac59233bac3753
18:07:04.277 [main] INFO  HolofyAPIs.ReuseableMethod - The response details is : Space template added successfully
18:07:04.277 [main] INFO  HolofyAPIs.ReuseableMethod - Newly Created SpaceCard id is 5d8a0df0e1d83f2340f9dde5
18:07:04.277 [main] INFO  HolofyAPIs.ReuseableMethod - A new Space has been created successfully
18:07:05.291 [main] INFO  HolofyAPIs.ReuseableMethod - The response details is : Product template added successfully
18:07:05.291 [main] INFO  HolofyAPIs.ReuseableMethod - Added product id to the space is : 5d8a0df18eac59233bac3768
18:07:05.944 [main] INFO  HolofyAPIs.EditProduct - The response details is : Product template updated successfully
18:07:06.556 [main] INFO  HolofyAPIs.ReuseableMethod - The response details is : Space Successfully deleted
18:07:06.556 [main] INFO  HolofyAPIs.ReuseableMethod - Space removed successfully with the space card id : 5d8a0df0e1d83f2340f9dde5
18:07:08.494 [main] INFO  HolofyAPIs.ReuseableMethod - The response details is : Space template added successfully
18:07:08.495 [main] INFO  HolofyAPIs.ReuseableMethod - Newly Created SpaceCard id is 5d8a0df48eac59233bac376a
18:07:08.495 [main] INFO  HolofyAPIs.ReuseableMethod - A new Space has been created successfully
18:07:09.425 [main] INFO  HolofyAPIs.ReuseableMethod - The response details is : Product template added successfully
18:07:09.425 [main] INFO  HolofyAPIs.ReuseableMethod - Added product id to the space is : 5d8a0df5e1d83f2340f9ddfd
18:07:10.172 [main] INFO  HolofyAPIs.RemoveProductFromSpace - The response details is : product template deleted successfully
18:07:10.794 [main] INFO  HolofyAPIs.ReuseableMethod - The response details is : Space Successfully deleted
18:07:10.794 [main] INFO  HolofyAPIs.ReuseableMethod - Space removed successfully with the space card id : 5d8a0df48eac59233bac376a
18:11:42.599 [main] INFO  HolofyAPIs.AppLogin - The response details is : "Successfully logged in"
18:11:43.209 [main] INFO  HolofyAPIs.AppLogin - The response details is : "Phone number doesn't exist"
18:11:43.900 [main] INFO  HolofyAPIs.AppLogin - The response details is : "Invalid password"
18:11:44.494 [main] INFO  HolofyAPIs.AppLogin - The response details is : "Internal Error"
18:11:45.579 [main] INFO  HolofyAPIs.ForgotPasswordWithNumber - The response details is : "Please check your message."
18:11:46.194 [main] INFO  HolofyAPIs.ForgotPasswordWithNumber - The response details is : "Please enter registered phone number."
18:11:46.790 [main] INFO  HolofyAPIs.ForgotPasswordWithNumber - The response details is : "Please send proper data."
18:11:47.383 [main] INFO  HolofyAPIs.ForgotPasswordWithNumber - The response details is : "Please enter registered phone number."
18:11:47.962 [main] INFO  HolofyAPIs.ForgotpasswordWithEmail - The response details is : "Please check your mail account."
18:11:48.536 [main] INFO  HolofyAPIs.ForgotpasswordWithEmail - The response details is : "Please enter registered Email id."
18:11:49.129 [main] INFO  HolofyAPIs.ForgotpasswordWithEmail - The response details is : "Please send proper data."
18:11:49.725 [main] INFO  HolofyAPIs.ForgotpasswordWithEmail - The response details is : "Please enter registered Email id."
18:11:51.487 [main] INFO  HolofyAPIs.GetSpaceList - Spacetype 1 id is : 5c9d0538c4a9a46122bdf0c2
18:11:53.469 [main] INFO  HolofyAPIs.CreateSpace - The response details is : Space template added successfully
18:11:53.469 [main] INFO  HolofyAPIs.CreateSpace - 5d8a0f118eac59233bac377f
18:11:54.075 [main] INFO  HolofyAPIs.ReuseableMethod - The response details is : Space Successfully deleted
18:11:54.075 [main] INFO  HolofyAPIs.ReuseableMethod - Space removed successfully with the space card id : 5d8a0f118eac59233bac377f
18:11:56.118 [main] INFO  HolofyAPIs.CreateSpace - The response details is : Space template added successfully
18:11:56.118 [main] INFO  HolofyAPIs.CreateSpace - 5d8a0f13e1d83f2340f9ddff
18:11:56.752 [main] INFO  HolofyAPIs.ReuseableMethod - The response details is : Space Successfully deleted
18:11:56.752 [main] INFO  HolofyAPIs.ReuseableMethod - Space removed successfully with the space card id : 5d8a0f13e1d83f2340f9ddff
18:11:58.723 [main] INFO  HolofyAPIs.ReuseableMethod - The response details is : Space template added successfully
18:11:58.724 [main] INFO  HolofyAPIs.ReuseableMethod - Newly Created SpaceCard id is 5d8a0f168eac59233bac3794
18:11:58.724 [main] INFO  HolofyAPIs.ReuseableMethod - A new Space has been created successfully
18:11:59.627 [main] INFO  HolofyAPIs.EditCreatedSpace - The response details is : space template updated successfully
18:11:59.627 [main] INFO  HolofyAPIs.EditCreatedSpace - Space edited successfully with the space card id : 5d8a0f168eac59233bac3794
18:12:00.242 [main] INFO  HolofyAPIs.ReuseableMethod - The response details is : Space Successfully deleted
18:12:00.242 [main] INFO  HolofyAPIs.ReuseableMethod - Space removed successfully with the space card id : 5d8a0f168eac59233bac3794
18:12:02.090 [main] INFO  HolofyAPIs.getProductList - The List of the product are available within the index 1 : {"_id":"5ca79ad9ebf64276238d6aab","title":"Washing Machine","description":"Refresh your clothes on the go","product":"5ca796f79caca1761e03b600","image":"spaces/image-a6faada9d606fe6617570ce05763fcd99b8067e3.png","background_color":"#000000","overlay_color":"rgba(0,0,0,0.25)","title_color":"#ffffff","subtitle_color":"#ffffff","CatTitle":"Appliances","CatId":"5c936d6db737dd5507abc910","__v":0,"position":0,"modifiedAt":"2019-04-05T18:13:45.357Z","createdAt":"2019-04-05T18:13:45.357Z","isDeleted":"no","isActive":"yes","isPublished":true,"userproducttemplate":[],"skills":[{"skill":"5bf518e8d130bb8b73ada06c","skill_type":"video","_id":"5ca79ad9ebf64276238d6aac","modifiedAt":null,"createdAt":null,"stepComponent":{"tabs":[]},"paymentComponent":{"skillDescription":[]},"mapComponent":{"mapStyle":"dark","zoomLevel":"15","skillDescription":[]},"videoComponent":[{"videoTitle":"Instructions Example","videoUrl":"assets/video/space_1554488005849_6561_wm-short.mp4","imgUrl":"assets/video/images/V4FSP1554488007018.png","_id":"5ca79ad9ebf64276238d6aad","isEditable":false,"videoControls":false,"sound":false,"autoPlay":false,"loopVideo":false,"colorOverlay":{"color":"rgba(255,0,0,0)","isEditable":false},"videoSize":{"width":200,"height":100}}],"skillDetails":{"productComponent":{"addressColor":"#ffffff","titleColor":"#ffffff","descColor":"#ffffff","guiColor":"#ffffff","overlayColor":"rgba(255,255,255,0.25)","isEditable":true},"mapTabComponent":{"addressColor":"#ffffff","titleColor":"#ffffff","descColor":"#ffffff","guiColor":"#ffffff","overlayColor":"rgba(255,255,255,0.25)","isEditable":true},"tabComponent":{"activeColor":"#0038FF","activeText":"#ffffff","inactiveColor":"#8F8F8F","inactiveText":"#ffffff","xPosition":"","isEditable":true},"layout":{"backgroundColor":"#000000","guiColor":"rgba(0,0,0,0.28)","textColor":"#ffffff","skillTitle":"","description":"","headerLogo":"","idHeaderLogoEditable":true,"isDescriptionEditable":true,"isSkillTitleEditable":true,"backgroundImage":{"imageUrl":"","imageSize":{"width":null,"height":null},"isEditable":true},"colorOverlay":{"color":"rgba(0,0,0,0)","isEditable":true}}},"paymentCta":{"title":"Video Skill","description":"Description goes here","overlayColor":"rgba(255,255,255,0.25)","textColor":"#ffffff","subtitleColor":"#ffffff","backgroundColor":"#ab9c9c","image":"http://18.130.209.176:3000/images/bg-pattern-2.png","isEditable":true},"mapCta":{"address":"1 Fleming Way, London SE28 8NR, UK","title":"Video Skill","description":"Description goes here","overlayColor":"rgba(255,255,255,0.25)","textColor":"#ffffff","mapCtaLocation":{"type":"Point","coordinates":[0.1278,51.5074]},"isEditable":true},"layoutFundamentals":{"type":"","titleColor":"#ffffff","subtitleColor":"#ffffff","backgroundColor":"#000000","overlayColor":"rgba(0,0,0,0.25)","backgroundImage":"","logo":"","backgroundVideo":"http://18.130.209.176:3000/assets/video/space_1554487932363_8211_wm-short.mp4","backgroundVideoMob":"assets/video/space_1554487932363_8211_wm-short.mp4","title":"How to use it","description":"Do the laundry on my washing machine","isEditable":true,"country":[]}},{"_id":"5cd4331ae119f26c39a55e58","skill_type":"map","skill":"5bd2e57cebb3551045f7fad0","modifiedAt":null,"createdAt":null,"stepComponent":{"tabs":[]},"paymentComponent":{"skillDescription":[]},"mapComponent":{"zoomLevel":"15","mapStyle":"streets","skillDescription":[{"_id":"5cd4331ae119f26c39a55e59","tabTitle":"👔👗","addresses":[{"title":"Dry Cleaners","description":"This is only an example. Feel free to add your own recommendations.","image":"spaces/image-4f73a379e7c31f773d961d7884176742cc7d5c89.png","address":"Dry Cleaners, 223 Nether Street, London, England N3 1NT, United Kingdom","location":{"type":"Point","coordinates":[-0.189031,51.609451]},"_id":"5cd43a8be119f26c39a55e8e"},{"_id":"5cd4331ae119f26c39a55e5a","location":{"coordinates":[-0.125617,51.525839],"type":"Point"},"address":"Laundrette, 79 Marchmont St., London, England WC1N 1AL, United Kingdom","image":"spaces/image-a81c44da4e6d6c733cbcb44b65e785d6b42a3a28.png","description":"This is only an example. Feel free to add your own recommendations.","title":"Suit Cleaners"}]}]},"videoComponent":[],"skillDetails":{"productComponent":{"overlayColor":"rgba(255,255,255,0.25)","guiColor":"#ffffff","descColor":"#ffffff","titleColor":"#ffffff","addressColor":"#ffffff","isEditable":true},"mapTabComponent":{"overlayColor":"rgba(0,0,0,0.34)","guiColor":"#ffffff","descColor":"#ffffff","titleColor":"#ffffff","addressColor":"#ffffff","isEditable":true},"tabComponent":{"xPosition":"","inactiveText":"#ffffff","inactiveColor":"#8F8F8F","activeText":"#ffffff","activeColor":"#0038FF","isEditable":true},"layout":{"headerLogo":"","description":"","skillTitle":"","textColor":"#000000","guiColor":"rgba(0,0,0,0.28)","backgroundColor":"#d6c9c2","idHeaderLogoEditable":true,"isDescriptionEditable":true,"isSkillTitleEditable":true,"backgroundImage":{"imageUrl":"","imageSize":{"height":null,"width":null},"isEditable":true},"colorOverlay":{"color":"rgba(0,0,0,0.2)","isEditable":true}}},"paymentCta":{"image":"","backgroundColor":"#ab9c9c","subtitleColor":"#ffffff","textColor":"#ffffff","overlayColor":"rgba(255,255,255,0.25)","description":"The nitty gritty map recommendations","title":"Maps Skill","isEditable":true},"mapCta":{"mapCtaLocation":{"coordinates":[0.1278,51.5074],"type":"Point"},"textColor":"#ffffff","overlayColor":"rgba(27,141,243,0.25)","description":"For the hard stains and the delicate wear","title":"Dry Cleaners","address":"1 Fleming Way, London SE28 8NR, UK","isEditable":true},"layoutFundamentals":{"description":"The nitty gritty map recommendations","title":"Maps Skill","backgroundVideoMob":"","backgroundVideo":"","logo":"","backgroundImage":"","overlayColor":"rgba(255,255,255,0.25)","backgroundColor":"#ffffff","subtitleColor":"#ffffff","titleColor":"#ffffff","type":"","isEditable":true,"country":[]}},{"_id":"5cd4331ae119f26c39a55e57","skill_type":"payment","skill":"5c46a9feaced2b01462dc6c2","modifiedAt":null,"createdAt":null,"stepComponent":{"tabs":[]},"paymentComponent":{"skillDescription":[{"tabTitle":"Laundry Service","_id":"5cd43a8be119f26c39a55e8b","products":[{"title":"1 Laundry Cycle","description":"This is only an example. Feel free to add your own recommendations.","image":"spaces/image-0630bf8bec7e57b13864fda0cafcf2d37625f1d3.png","price":"10","quantity":"4","_id":"5cd43a8be119f26c39a55e8d"},{"title":"5 Laundry Cycles","description":"This is only an example. Feel free to add your own recommendations.","image":"spaces/image-97b352fa3192cbab54fe81944a0819fd49c2fcd5.png","price":"35","quantity":"4","_id":"5cd43a8be119f26c39a55e8c"}]}]},"mapComponent":{"zoomLevel":"15","mapStyle":"dark","skillDescription":[]},"videoComponent":[],"skillDetails":{"productComponent":{"overlayColor":"rgba(0,0,0,0.4)","guiColor":"#ffffff","descColor":"#ffffff","titleColor":"#ffffff","addressColor":"#ffffff","isEditable":true},"mapTabComponent":{"overlayColor":"rgba(255,255,255,0.25)","guiColor":"#ffffff","descColor":"#ffffff","titleColor":"#ffffff","addressColor":"#ffffff","isEditable":true},"tabComponent":{"xPosition":"","inactiveText":"#ffffff","inactiveColor":"#8F8F8F","activeText":"#ffffff","activeColor":"#0038FF","isEditable":true},"layout":{"headerLogo":"","description":"","skillTitle":"","textColor":"#ffffff","guiColor":"rgba(255, 255, 255, 0.28)","backgroundColor":"#000000","idHeaderLogoEditable":true,"isDescriptionEditable":true,"isSkillTitleEditable":true,"backgroundImage":{"imageUrl":"","imageSize":{"height":null,"width":null},"isEditable":true},"colorOverlay":{"color":"rgba(255,255,255,0.25)","isEditable":true}}},"paymentCta":{"image":"spaces/image-e1d719477ba9f99511b354b11215ca2ab1493d3e.png","backgroundColor":"#000000","subtitleColor":"#ffffff","textColor":"#ffffff","overlayColor":"rgba(0,146,255,0.38)","description":"Have the laundry done for you","title":"On Demand","isEditable":true},"mapCta":{"mapCtaLocation":{"coordinates":[0.1278,51.5074],"type":"Point"},"textColor":"#ffffff","overlayColor":"rgba(255,255,255,0.25)","description":"Description goes here","title":"Payment Skill","address":"1 Fleming Way, London SE28 8NR, UK","isEditable":true},"layoutFundamentals":{"description":"Description goes here","title":"Payment Skill","backgroundVideoMob":"","backgroundVideo":"","logo":"","backgroundImage":"","overlayColor":"rgba(255,255,255,0.25)","backgroundColor":"#ffffff","subtitleColor":"#ffffff","titleColor":"#ffffff","type":"","isEditable":true,"country":[]}}],"type":"product"}
