18:02:07.173 [main] INFO  HolofyAPIs.AppLogin - The response details is : "Successfully logged in"
18:02:07.805 [main] INFO  HolofyAPIs.AppLogin - The response details is : "Phone number doesn't exist"
18:02:08.487 [main] INFO  HolofyAPIs.AppLogin - The response details is : "Invalid password"
18:02:09.076 [main] INFO  HolofyAPIs.AppLogin - The response details is : "Internal Error"
18:02:10.164 [main] INFO  HolofyAPIs.ForgotPasswordWithNumber - The response details is : "Please check your message."
18:02:10.750 [main] INFO  HolofyAPIs.ForgotPasswordWithNumber - The response details is : "Please enter registered phone number."
18:02:11.338 [main] INFO  HolofyAPIs.ForgotPasswordWithNumber - The response details is : "Please send proper data."
18:02:11.922 [main] INFO  HolofyAPIs.ForgotPasswordWithNumber - The response details is : "Please enter registered phone number."
18:02:12.502 [main] INFO  HolofyAPIs.ForgotpasswordWithEmail - The response details is : "Please check your mail account."
18:02:13.075 [main] INFO  HolofyAPIs.ForgotpasswordWithEmail - The response details is : "Please enter registered Email id."
18:02:13.643 [main] INFO  HolofyAPIs.ForgotpasswordWithEmail - The response details is : "Please send proper data."
18:02:14.226 [main] INFO  HolofyAPIs.ForgotpasswordWithEmail - The response details is : "Please enter registered Email id."
18:02:16.328 [main] INFO  HolofyAPIs.GetSpaceList - Spacetype 1 id is : 5c9d0538c4a9a46122bdf0c2
18:02:18.657 [main] INFO  HolofyAPIs.CreateSpace - The response details is : Space template added successfully
18:02:18.657 [main] INFO  HolofyAPIs.CreateSpace - 5d8375525bc7ce653c2623c5
18:02:19.266 [main] INFO  HolofyAPIs.ReuseableMethod - The response details is : Space Successfully deleted
18:02:19.266 [main] INFO  HolofyAPIs.ReuseableMethod - Space removed successfully with the space card id : 5d8375525bc7ce653c2623c5
18:02:21.528 [main] INFO  HolofyAPIs.CreateSpace - The response details is : Space template added successfully
18:02:21.528 [main] INFO  HolofyAPIs.CreateSpace - 5d837555c7e243653762c3c5
18:02:22.131 [main] INFO  HolofyAPIs.ReuseableMethod - The response details is : Space Successfully deleted
18:02:22.131 [main] INFO  HolofyAPIs.ReuseableMethod - Space removed successfully with the space card id : 5d837555c7e243653762c3c5
18:02:24.434 [main] INFO  HolofyAPIs.ReuseableMethod - The response details is : Space template added successfully
18:02:24.434 [main] INFO  HolofyAPIs.ReuseableMethod - Newly Created SpaceCard id is 5d8375585bc7ce653c2623da
18:02:24.434 [main] INFO  HolofyAPIs.ReuseableMethod - A new Space has been created successfully
18:02:25.322 [main] INFO  HolofyAPIs.EditCreatedSpace - The response details is : space template updated successfully
18:02:25.322 [main] INFO  HolofyAPIs.EditCreatedSpace - Space edited successfully with the space card id : 5d8375585bc7ce653c2623da
18:02:25.914 [main] INFO  HolofyAPIs.ReuseableMethod - The response details is : Space Successfully deleted
18:02:25.914 [main] INFO  HolofyAPIs.ReuseableMethod - Space removed successfully with the space card id : 5d8375585bc7ce653c2623da
18:02:28.144 [main] INFO  HolofyAPIs.getProductList - The List of the product are available within the index 1 : {"_id":"5ca79ad9ebf64276238d6aab","title":"Washing Machine","description":"Refresh your clothes on the go","product":"5ca796f79caca1761e03b600","image":"spaces/image-a6faada9d606fe6617570ce05763fcd99b8067e3.png","background_color":"#000000","overlay_color":"rgba(0,0,0,0.25)","title_color":"#ffffff","subtitle_color":"#ffffff","CatTitle":"Appliances","CatId":"5c936d6db737dd5507abc910","__v":0,"position":0,"modifiedAt":"2019-04-05T18:13:45.357Z","createdAt":"2019-04-05T18:13:45.357Z","isDeleted":"no","isActive":"yes","isPublished":true,"userproducttemplate":[],"skills":[{"skill":"5bf518e8d130bb8b73ada06c","skill_type":"video","_id":"5ca79ad9ebf64276238d6aac","modifiedAt":null,"createdAt":null,"stepComponent":{"tabs":[]},"paymentComponent":{"skillDescription":[]},"mapComponent":{"mapStyle":"dark","zoomLevel":"15","skillDescription":[]},"videoComponent":[{"videoTitle":"Instructions Example","videoUrl":"assets/video/space_1554488005849_6561_wm-short.mp4","imgUrl":"assets/video/images/V4FSP1554488007018.png","_id":"5ca79ad9ebf64276238d6aad","isEditable":false,"videoControls":false,"sound":false,"autoPlay":false,"loopVideo":false,"colorOverlay":{"color":"rgba(255,0,0,0)","isEditable":false},"videoSize":{"width":200,"height":100}}],"skillDetails":{"productComponent":{"addressColor":"#ffffff","titleColor":"#ffffff","descColor":"#ffffff","guiColor":"#ffffff","overlayColor":"rgba(255,255,255,0.25)","isEditable":true},"mapTabComponent":{"addressColor":"#ffffff","titleColor":"#ffffff","descColor":"#ffffff","guiColor":"#ffffff","overlayColor":"rgba(255,255,255,0.25)","isEditable":true},"tabComponent":{"activeColor":"#0038FF","activeText":"#ffffff","inactiveColor":"#8F8F8F","inactiveText":"#ffffff","xPosition":"","isEditable":true},"layout":{"backgroundColor":"#000000","guiColor":"rgba(0,0,0,0.28)","textColor":"#ffffff","skillTitle":"","description":"","headerLogo":"","idHeaderLogoEditable":true,"isDescriptionEditable":true,"isSkillTitleEditable":true,"backgroundImage":{"imageUrl":"","imageSize":{"width":null,"height":null},"isEditable":true},"colorOverlay":{"color":"rgba(0,0,0,0)","isEditable":true}}},"paymentCta":{"title":"Video Skill","description":"Description goes here","overlayColor":"rgba(255,255,255,0.25)","textColor":"#ffffff","subtitleColor":"#ffffff","backgroundColor":"#ab9c9c","image":"http://18.130.209.176:3000/images/bg-pattern-2.png","isEditable":true},"mapCta":{"address":"1 Fleming Way, London SE28 8NR, UK","title":"Video Skill","description":"Description goes here","overlayColor":"rgba(255,255,255,0.25)","textColor":"#ffffff","mapCtaLocation":{"type":"Point","coordinates":[0.1278,51.5074]},"isEditable":true},"layoutFundamentals":{"type":"","titleColor":"#ffffff","subtitleColor":"#ffffff","backgroundColor":"#000000","overlayColor":"rgba(0,0,0,0.25)","backgroundImage":"","logo":"","backgroundVideo":"http://18.130.209.176:3000/assets/video/space_1554487932363_8211_wm-short.mp4","backgroundVideoMob":"assets/video/space_1554487932363_8211_wm-short.mp4","title":"How to use it","description":"Do the laundry on my washing machine","isEditable":true,"country":[]}},{"_id":"5cd4331ae119f26c39a55e58","skill_type":"map","skill":"5bd2e57cebb3551045f7fad0","modifiedAt":null,"createdAt":null,"stepComponent":{"tabs":[]},"paymentComponent":{"skillDescription":[]},"mapComponent":{"zoomLevel":"15","mapStyle":"streets","skillDescription":[{"_id":"5cd4331ae119f26c39a55e59","tabTitle":"👔👗","addresses":[{"title":"Dry Cleaners","description":"This is only an example. Feel free to add your own recommendations.","image":"spaces/image-4f73a379e7c31f773d961d7884176742cc7d5c89.png","address":"Dry Cleaners, 223 Nether Street, London, England N3 1NT, United Kingdom","location":{"type":"Point","coordinates":[-0.189031,51.609451]},"_id":"5cd43a8be119f26c39a55e8e"},{"_id":"5cd4331ae119f26c39a55e5a","location":{"coordinates":[-0.125617,51.525839],"type":"Point"},"address":"Laundrette, 79 Marchmont St., London, England WC1N 1AL, United Kingdom","image":"spaces/image-a81c44da4e6d6c733cbcb44b65e785d6b42a3a28.png","description":"This is only an example. Feel free to add your own recommendations.","title":"Suit Cleaners"}]}]},"videoComponent":[],"skillDetails":{"productComponent":{"overlayColor":"rgba(255,255,255,0.25)","guiColor":"#ffffff","descColor":"#ffffff","titleColor":"#ffffff","addressColor":"#ffffff","isEditable":true},"mapTabComponent":{"overlayColor":"rgba(0,0,0,0.34)","guiColor":"#ffffff","descColor":"#ffffff","titleColor":"#ffffff","addressColor":"#ffffff","isEditable":true},"tabComponent":{"xPosition":"","inactiveText":"#ffffff","inactiveColor":"#8F8F8F","activeText":"#ffffff","activeColor":"#0038FF","isEditable":true},"layout":{"headerLogo":"","description":"","skillTitle":"","textColor":"#000000","guiColor":"rgba(0,0,0,0.28)","backgroundColor":"#d6c9c2","idHeaderLogoEditable":true,"isDescriptionEditable":true,"isSkillTitleEditable":true,"backgroundImage":{"imageUrl":"","imageSize":{"height":null,"width":null},"isEditable":true},"colorOverlay":{"color":"rgba(0,0,0,0.2)","isEditable":true}}},"paymentCta":{"image":"","backgroundColor":"#ab9c9c","subtitleColor":"#ffffff","textColor":"#ffffff","overlayColor":"rgba(255,255,255,0.25)","description":"The nitty gritty map recommendations","title":"Maps Skill","isEditable":true},"mapCta":{"mapCtaLocation":{"coordinates":[0.1278,51.5074],"type":"Point"},"textColor":"#ffffff","overlayColor":"rgba(27,141,243,0.25)","description":"For the hard stains and the delicate wear","title":"Dry Cleaners","address":"1 Fleming Way, London SE28 8NR, UK","isEditable":true},"layoutFundamentals":{"description":"The nitty gritty map recommendations","title":"Maps Skill","backgroundVideoMob":"","backgroundVideo":"","logo":"","backgroundImage":"","overlayColor":"rgba(255,255,255,0.25)","backgroundColor":"#ffffff","subtitleColor":"#ffffff","titleColor":"#ffffff","type":"","isEditable":true,"country":[]}},{"_id":"5cd4331ae119f26c39a55e57","skill_type":"payment","skill":"5c46a9feaced2b01462dc6c2","modifiedAt":null,"createdAt":null,"stepComponent":{"tabs":[]},"paymentComponent":{"skillDescription":[{"tabTitle":"Laundry Service","_id":"5cd43a8be119f26c39a55e8b","products":[{"title":"1 Laundry Cycle","description":"This is only an example. Feel free to add your own recommendations.","image":"spaces/image-0630bf8bec7e57b13864fda0cafcf2d37625f1d3.png","price":"10","quantity":"4","_id":"5cd43a8be119f26c39a55e8d"},{"title":"5 Laundry Cycles","description":"This is only an example. Feel free to add your own recommendations.","image":"spaces/image-97b352fa3192cbab54fe81944a0819fd49c2fcd5.png","price":"35","quantity":"4","_id":"5cd43a8be119f26c39a55e8c"}]}]},"mapComponent":{"zoomLevel":"15","mapStyle":"dark","skillDescription":[]},"videoComponent":[],"skillDetails":{"productComponent":{"overlayColor":"rgba(0,0,0,0.4)","guiColor":"#ffffff","descColor":"#ffffff","titleColor":"#ffffff","addressColor":"#ffffff","isEditable":true},"mapTabComponent":{"overlayColor":"rgba(255,255,255,0.25)","guiColor":"#ffffff","descColor":"#ffffff","titleColor":"#ffffff","addressColor":"#ffffff","isEditable":true},"tabComponent":{"xPosition":"","inactiveText":"#ffffff","inactiveColor":"#8F8F8F","activeText":"#ffffff","activeColor":"#0038FF","isEditable":true},"layout":{"headerLogo":"","description":"","skillTitle":"","textColor":"#ffffff","guiColor":"rgba(255, 255, 255, 0.28)","backgroundColor":"#000000","idHeaderLogoEditable":true,"isDescriptionEditable":true,"isSkillTitleEditable":true,"backgroundImage":{"imageUrl":"","imageSize":{"height":null,"width":null},"isEditable":true},"colorOverlay":{"color":"rgba(255,255,255,0.25)","isEditable":true}}},"paymentCta":{"image":"spaces/image-e1d719477ba9f99511b354b11215ca2ab1493d3e.png","backgroundColor":"#000000","subtitleColor":"#ffffff","textColor":"#ffffff","overlayColor":"rgba(0,146,255,0.38)","description":"Have the laundry done for you","title":"On Demand","isEditable":true},"mapCta":{"mapCtaLocation":{"coordinates":[0.1278,51.5074],"type":"Point"},"textColor":"#ffffff","overlayColor":"rgba(255,255,255,0.25)","description":"Description goes here","title":"Payment Skill","address":"1 Fleming Way, London SE28 8NR, UK","isEditable":true},"layoutFundamentals":{"description":"Description goes here","title":"Payment Skill","backgroundVideoMob":"","backgroundVideo":"","logo":"","backgroundImage":"","overlayColor":"rgba(255,255,255,0.25)","backgroundColor":"#ffffff","subtitleColor":"#ffffff","titleColor":"#ffffff","type":"","isEditable":true,"country":[]}}],"type":"product"}
18:02:31.959 [main] INFO  HolofyAPIs.ReuseableMethod - The response details is : Space template added successfully
18:02:31.959 [main] INFO  HolofyAPIs.ReuseableMethod - Newly Created SpaceCard id is 5d83755f5bc7ce653c2623ef
18:02:31.959 [main] INFO  HolofyAPIs.ReuseableMethod - A new Space has been created successfully
18:02:32.853 [main] INFO  HolofyAPIs.AddProductToSpace - The response details is : Product template added successfully
18:02:32.854 [main] INFO  HolofyAPIs.AddProductToSpace - Added product id to the space is : 5d837560c7e243653762c3e0
18:02:33.450 [main] INFO  HolofyAPIs.ReuseableMethod - The response details is : Space Successfully deleted
18:02:33.450 [main] INFO  HolofyAPIs.ReuseableMethod - Space removed successfully with the space card id : 5d83755f5bc7ce653c2623ef
18:02:35.715 [main] INFO  HolofyAPIs.ReuseableMethod - The response details is : Space template added successfully
18:02:35.715 [main] INFO  HolofyAPIs.ReuseableMethod - Newly Created SpaceCard id is 5d8375635bc7ce653c262404
18:02:35.715 [main] INFO  HolofyAPIs.ReuseableMethod - A new Space has been created successfully
18:02:36.318 [main] INFO  HolofyAPIs.RemoveCreateSpace - The response details is : Space Successfully deleted
18:02:36.319 [main] INFO  HolofyAPIs.RemoveCreateSpace - Space removed successfully with the space card id : 5d8375635bc7ce653c262404
18:02:38.533 [main] INFO  HolofyAPIs.ReuseableMethod - The response details is : Space template added successfully
18:02:38.533 [main] INFO  HolofyAPIs.ReuseableMethod - Newly Created SpaceCard id is 5d837566c7e243653762c3e2
18:02:38.533 [main] INFO  HolofyAPIs.ReuseableMethod - A new Space has been created successfully
18:02:39.432 [main] INFO  HolofyAPIs.ReuseableMethod - The response details is : Product template added successfully
18:02:39.432 [main] INFO  HolofyAPIs.ReuseableMethod - Added product id to the space is : 5d8375675bc7ce653c262419
18:02:40.089 [main] INFO  HolofyAPIs.EditProduct - The response details is : Product template updated successfully
18:02:40.675 [main] INFO  HolofyAPIs.ReuseableMethod - The response details is : Space Successfully deleted
18:02:40.675 [main] INFO  HolofyAPIs.ReuseableMethod - Space removed successfully with the space card id : 5d837566c7e243653762c3e2
18:02:42.857 [main] INFO  HolofyAPIs.ReuseableMethod - The response details is : Space template added successfully
18:02:42.857 [main] INFO  HolofyAPIs.ReuseableMethod - Newly Created SpaceCard id is 5d83756a5bc7ce653c26241b
18:02:42.857 [main] INFO  HolofyAPIs.ReuseableMethod - A new Space has been created successfully
18:02:43.776 [main] INFO  HolofyAPIs.ReuseableMethod - The response details is : Product template added successfully
18:02:43.776 [main] INFO  HolofyAPIs.ReuseableMethod - Added product id to the space is : 5d83756bc7e243653762c3fa
18:02:44.510 [main] INFO  HolofyAPIs.RemoveProductFromSpace - The response details is : product template deleted successfully
18:02:45.106 [main] INFO  HolofyAPIs.ReuseableMethod - The response details is : Space Successfully deleted
18:02:45.106 [main] INFO  HolofyAPIs.ReuseableMethod - Space removed successfully with the space card id : 5d83756a5bc7ce653c26241b
